<?xml version="1.0" encoding="UTF-8"?>
<!-- Generated by org.testng.reporters.JUnitReportReporter -->
<testsuite skipped="0" hostname="HP-PC" name="Scriptspackage.TestInValidLogin" tests="1" failures="0" timestamp="12 Jan 2020 10:07:13 GMT" time="32.433" errors="0">
  <testcase name="testInValidLogin" time="32.433" classname="Scriptspackage.TestInValidLogin"/>
</testsuite> <!-- Scriptspackage.TestInValidLogin -->
